Search info ...
query is None
Search info ...
query is None
Search info ...
query is None
Search info ...
query is None
Search info ...
query is None
Search info ...
query is None
Search info ...
query is Darth
Search info ...
query is Darth
Search info ...
query is *
Search info ...
query is *
Search info ...
query is *
Search info ...
query is *
Search info ...
query is *
Search info ...
query is *
Search info ...
query is Dar
Search info ...
query is Dar
Search info ...
query is Darth
Search info ...
query is Darth
